# JRE version: Java(TM) SE Runtime Environment (7.0_79-b15) (build 1.7.0_79-b15)
# Java VM: Java HotSpot(TM) 64-Bit Server VM (24.79-b02 mixed mode windows-amd64 compressed oops)
Heap
 PSYoungGen      total 101888K, used 57318K [0x00000000eaa80000, 0x00000000f2300000, 0x0000000100000000)
  eden space 93696K, 52% used [0x00000000eaa80000,0x00000000edaa9670,0x00000000f0600000)
  from space 8192K, 97% used [0x00000000f0980000,0x00000000f11501d8,0x00000000f1180000)
  to   space 14848K, 0% used [0x00000000f1480000,0x00000000f1480000,0x00000000f2300000)
 ParOldGen       total 74240K, used 43952K [0x00000000c0000000, 0x00000000c4880000, 0x00000000eaa80000)
  object space 74240K, 59% used [0x00000000c0000000,0x00000000c2aec210,0x00000000c4880000)
 PSPermGen       total 84480K, used 65388K [0x00000000b0000000, 0x00000000b5280000, 0x00000000c0000000)
  object space 84480K, 77% used [0x00000000b0000000,0x00000000b3fdb328,0x00000000b5280000)
GC Heap History (10 events):
Event: 33342.915 GC heap before
{Heap before GC invocations=61 (full 11):
 PSYoungGen      total 112128K, used 111679K [0x00000000eaa80000, 0x00000000f3200000, 0x0000000100000000)
  eden space 104960K, 100% used [0x00000000eaa80000,0x00000000f1100000,0x00000000f1100000)
  from space 7168K, 93% used [0x00000000f1500000,0x00000000f1b8fd78,0x00000000f1c00000)
  to   space 16896K, 0% used [0x00000000f2180000,0x00000000f2180000,0x00000000f3200000)
 ParOldGen       total 74240K, used 40029K [0x00000000c0000000, 0x00000000c4880000, 0x00000000eaa80000)
  object space 74240K, 53% used [0x00000000c0000000,0x00000000c27175d0,0x00000000c4880000)
 PSPermGen       total 86528K, used 64232K [0x00000000b0000000, 0x00000000b5480000, 0x00000000c0000000)
  object space 86528K, 74% used [0x00000000b0000000,0x00000000b3eba010,0x00000000b5480000)
Event: 33342.935 GC heap after
Heap after GC invocations=61 (full 11):
 PSYoungGen      total 112640K, used 6976K [0x00000000eaa80000, 0x00000000f2d00000, 0x0000000100000000)
  eden space 100864K, 0% used [0x00000000eaa80000,0x00000000eaa80000,0x00000000f0d00000)
  from space 11776K, 59% used [0x00000000f2180000,0x00000000f2850020,0x00000000f2d00000)
  to   space 16384K, 0% used [0x00000000f0d00000,0x00000000f0d00000,0x00000000f1d00000)
 ParOldGen       total 74240K, used 40029K [0x00000000c0000000, 0x00000000c4880000, 0x00000000eaa80000)
  object space 74240K, 53% used [0x00000000c0000000,0x00000000c27175d0,0x00000000c4880000)
 PSPermGen       total 86528K, used 64232K [0x00000000b0000000, 0x00000000b5480000, 0x00000000c0000000)
  object space 86528K, 74% used [0x00000000b0000000,0x00000000b3eba010,0x00000000b5480000)
}
Event: 33352.346 GC heap before
{Heap before GC invocations=62 (full 11):
 PSYoungGen      total 112640K, used 75535K [0x00000000eaa80000, 0x00000000f2d00000, 0x0000000100000000)
  eden space 100864K, 67% used [0x00000000eaa80000,0x00000000eed73f08,0x00000000f0d00000)
  from space 11776K, 59% used [0x00000000f2180000,0x00000000f2850020,0x00000000f2d00000)
  to   space 16384K, 0% used [0x00000000f0d00000,0x00000000f0d00000,0x00000000f1d00000)
 ParOldGen       total 74240K, used 40029K [0x00000000c0000000, 0x00000000c4880000, 0x00000000eaa80000)
  object space 74240K, 53% used [0x00000000c0000000,0x00000000c27175d0,0x00000000c4880000)
 PSPermGen       total 86528K, used 64266K [0x00000000b0000000, 0x00000000b5480000, 0x00000000c0000000)
  object space 86528K, 74% used [0x00000000b0000000,0x00000000b3ec2a38,0x00000000b5480000)
Event: 33352.358 GC heap after
Heap after GC invocations=62 (full 11):
 PSYoungGen      total 108032K, used 7104K [0x00000000eaa80000, 0x00000000f2b00000, 0x0000000100000000)
  eden space 100864K, 0% used [0x00000000eaa80000,0x00000000eaa80000,0x00000000f0d00000)
  from space 7168K, 99% used [0x00000000f0d00000,0x00000000f13f0020,0x00000000f1400000)
  to   space 15360K, 0% used [0x00000000f1c00000,0x00000000f1c00000,0x00000000f2b00000)
 ParOldGen       total 74240K, used 40029K [0x00000000c0000000, 0x00000000c4880000, 0x00000000eaa80000)
  object space 74240K, 53% used [0x00000000c0000000,0x00000000c27175d0,0x00000000c4880000)
 PSPermGen       total 86528K, used 64266K [0x00000000b0000000, 0x00000000b5480000, 0x00000000c0000000)
  object space 86528K, 74% used [0x00000000b0000000,0x00000000b3ec2a38,0x00000000b5480000)
}
Event: 33352.358 GC heap before
{Heap before GC invocations=63 (full 12):
 PSYoungGen      total 108032K, used 7104K [0x00000000eaa80000, 0x00000000f2b00000, 0x0000000100000000)
  eden space 100864K, 0% used [0x00000000eaa80000,0x00000000eaa80000,0x00000000f0d00000)
  from space 7168K, 99% used [0x00000000f0d00000,0x00000000f13f0020,0x00000000f1400000)
  to   space 15360K, 0% used [0x00000000f1c00000,0x00000000f1c00000,0x00000000f2b00000)
 ParOldGen       total 74240K, used 40029K [0x00000000c0000000, 0x00000000c4880000, 0x00000000eaa80000)
  object space 74240K, 53% used [0x00000000c0000000,0x00000000c27175d0,0x00000000c4880000)
 PSPermGen       total 86528K, used 64266K [0x00000000b0000000, 0x00000000b5480000, 0x00000000c0000000)
  object space 86528K, 74% used [0x00000000b0000000,0x00000000b3ec2a38,0x00000000b5480000)
Event: 33352.902 GC heap after
Heap after GC invocations=63 (full 12):
 PSYoungGen      total 108032K, used 0K [0x00000000eaa80000, 0x00000000f2b00000, 0x0000000100000000)
  eden space 100864K, 0% used [0x00000000eaa80000,0x00000000eaa80000,0x00000000f0d00000)
  from space 7168K, 0% used [0x00000000f0d00000,0x00000000f0d00000,0x00000000f1400000)
  to   space 15360K, 0% used [0x00000000f1c00000,0x00000000f1c00000,0x00000000f2b00000)
 ParOldGen       total 74240K, used 43952K [0x00000000c0000000, 0x00000000c4880000, 0x00000000eaa80000)
  object space 74240K, 59% used [0x00000000c0000000,0x00000000c2aec210,0x00000000c4880000)
 PSPermGen       total 84480K, used 64206K [0x00000000b0000000, 0x00000000b5280000, 0x00000000c0000000)
  object space 84480K, 76% used [0x00000000b0000000,0x00000000b3eb3b00,0x00000000b5280000)
}
Event: 33404.346 GC heap before
{Heap before GC invocations=64 (full 12):
 PSYoungGen      total 108032K, used 100864K [0x00000000eaa80000, 0x00000000f2b00000, 0x0000000100000000)
  eden space 100864K, 100% used [0x00000000eaa80000,0x00000000f0d00000,0x00000000f0d00000)
  from space 7168K, 0% used [0x00000000f0d00000,0x00000000f0d00000,0x00000000f1400000)
  to   space 15360K, 0% used [0x00000000f1c00000,0x00000000f1c00000,0x00000000f2b00000)
 ParOldGen       total 74240K, used 43952K [0x00000000c0000000, 0x00000000c4880000, 0x00000000eaa80000)
  object space 74240K, 59% used [0x00000000c0000000,0x00000000c2aec210,0x00000000c4880000)
 PSPermGen       total 84480K, used 64428K [0x00000000b0000000, 0x00000000b5280000, 0x00000000c0000000)
  object space 84480K, 76% used [0x00000000b0000000,0x00000000b3eeb0a8,0x00000000b5280000)
Event: 33404.353 GC heap after
Heap after GC invocations=64 (full 12):
 PSYoungGen      total 109056K, used 2272K [0x00000000eaa80000, 0x00000000f2780000, 0x0000000100000000)
  eden space 97280K, 0% used [0x00000000eaa80000,0x00000000eaa80000,0x00000000f0980000)
  from space 11776K, 19% used [0x00000000f1c00000,0x00000000f1e38000,0x00000000f2780000)
  to   space 15360K, 0% used [0x00000000f0980000,0x00000000f0980000,0x00000000f1880000)
 ParOldGen       total 74240K, used 43952K [0x00000000c0000000, 0x00000000c4880000, 0x00000000eaa80000)
  object space 74240K, 59% used [0x00000000c0000000,0x00000000c2aec210,0x00000000c4880000)
 PSPermGen       total 84480K, used 64428K [0x00000000b0000000, 0x00000000b5280000, 0x00000000c0000000)
  object space 84480K, 76% used [0x00000000b0000000,0x00000000b3eeb0a8,0x00000000b5280000)
}
Event: 33429.098 GC heap before
{Heap before GC invocations=65 (full 12):
 PSYoungGen      total 109056K, used 99552K [0x00000000eaa80000, 0x00000000f2780000, 0x0000000100000000)
  eden space 97280K, 100% used [0x00000000eaa80000,0x00000000f0980000,0x00000000f0980000)
  from space 11776K, 19% used [0x00000000f1c00000,0x00000000f1e38000,0x00000000f2780000)
  to   space 15360K, 0% used [0x00000000f0980000,0x00000000f0980000,0x00000000f1880000)
 ParOldGen       total 74240K, used 43952K [0x00000000c0000000, 0x00000000c4880000, 0x00000000eaa80000)
  object space 74240K, 59% used [0x00000000c0000000,0x00000000c2aec210,0x00000000c4880000)
 PSPermGen       total 84480K, used 65330K [0x00000000b0000000, 0x00000000b5280000, 0x00000000c0000000)
  object space 84480K, 77% used [0x00000000b0000000,0x00000000b3fccb58,0x00000000b5280000)
Event: 33429.117 GC heap after
Heap after GC invocations=65 (full 12):
 PSYoungGen      total 101888K, used 8000K [0x00000000eaa80000, 0x00000000f2300000, 0x0000000100000000)
  eden space 93696K, 0% used [0x00000000eaa80000,0x00000000eaa80000,0x00000000f0600000)
  from space 8192K, 97% used [0x00000000f0980000,0x00000000f11501d8,0x00000000f1180000)
  to   space 14848K, 0% used [0x00000000f1480000,0x00000000f1480000,0x00000000f2300000)
 ParOldGen       total 74240K, used 43952K [0x00000000c0000000, 0x00000000c4880000, 0x00000000eaa80000)
  object space 74240K, 59% used [0x00000000c0000000,0x00000000c2aec210,0x00000000c4880000)
 PSPermGen       total 84480K, used 65330K [0x00000000b0000000, 0x00000000b5280000, 0x00000000c0000000)
  object space 84480K, 77% used [0x00000000b0000000,0x00000000b3fccb58,0x00000000b5280000)
}

